{"level":"error","message":"Something went wrong"}
{"level":"error","message":"Something went wrong"}
{"level":"info","message":"Successful Login"}
{"level":"info","message":"Monthly expense fetched successfully"}
{"level":"info","message":"Monthly expense fetched successfully"}
{"level":"info","message":"Expenses fetched successfully"}
{"level":"info","message":"Expenses fetched successfully"}
{"level":"info","message":"Dues fetched successfully"}
{"level":"info","message":"Dues fetched successfully"}
{"level":"info","message":"Balance fetched successfully"}
{"level":"info","message":"Balance fetched successfully"}
{"level":"info","message":"Successful Logout"}
{"level":"error","message":"Something went wrong"}
{"level":"info","message":"Successful Login"}
{"level":"info","message":"Expenses fetched successfully"}
{"level":"info","message":"Dues fetched successfully"}
{"level":"info","message":"Balance fetched successfully"}
{"level":"info","message":"Monthly expense fetched successfully"}
{"level":"info","message":"Expenses fetched successfully"}
{"level":"info","message":"Dues fetched successfully"}
{"level":"info","message":"Monthly expense fetched successfully"}
{"level":"info","message":"Balance fetched successfully"}
