{"level":"warn","message":"Invalid credentials","timestamp":"2023-05-10T06:20:12.645Z"}
{"level":"warn","message":"Create user aborted: Username already in use","timestamp":"2023-05-10T06:41:39.907Z"}
{"level":"warn","message":"Create user aborted: Username already in use","timestamp":"2023-05-10T06:42:15.969Z"}
{"level":"warn","message":"Create user aborted: Username already in use","timestamp":"2023-05-10T06:43:18.561Z"}
{"level":"warn","message":"Create user aborted: Username already in use","timestamp":"2023-05-10T06:43:49.907Z"}
{"level":"warn","message":"Create user aborted: Username already in use","timestamp":"2023-05-10T06:45:37.137Z"}
{"level":"warn","message":"Create user aborted: Username already in use","timestamp":"2023-05-10T06:47:33.525Z"}
{"level":"warn","message":"Create user aborted: Username already in use","timestamp":"2023-05-10T06:47:55.037Z"}
{"level":"warn","message":"Create user aborted: Username already in use","timestamp":"2023-05-10T06:48:29.565Z"}
{"level":"warn","message":"Create user aborted: Username already in use","timestamp":"2023-05-10T06:52:40.456Z"}
{"level":"warn","message":"Create user aborted: Username already in use","timestamp":"2023-05-10T06:53:51.565Z"}
{"level":"warn","message":"Create user aborted: Username already in use","timestamp":"2023-05-10T06:55:54.648Z"}
{"level":"warn","message":"Create user aborted: Username already in use","timestamp":"2023-05-10T07:01:10.047Z"}
{"level":"warn","message":"Create user aborted: Username already in use","timestamp":"2023-05-10T07:02:52.774Z"}
{"level":"warn","message":"Create user aborted: Username already in use","timestamp":"2023-05-10T07:09:03.086Z"}
{"level":"warn","message":"Create user aborted: Username already in use","timestamp":"2023-05-10T07:09:16.979Z"}
{"level":"warn","message":"Create user aborted: Username already in use","timestamp":"2023-05-10T07:11:56.382Z"}
{"level":"warn","message":"Create user aborted: Username already in use","timestamp":"2023-05-10T07:12:36.367Z"}
{"level":"warn","message":"Create user aborted: Username already in use","timestamp":"2023-05-10T07:13:21.391Z"}
{"level":"warn","message":"Create user aborted: Username already in use","timestamp":"2023-05-10T07:13:56.449Z"}
{"level":"warn","message":"Create user aborted: Username already in use","timestamp":"2023-05-10T07:14:19.081Z"}
{"level":"warn","message":"Create user aborted: Username already in use","timestamp":"2023-05-10T07:14:44.791Z"}
{"level":"warn","message":"Create user aborted: Username already in use","timestamp":"2023-05-10T07:15:54.913Z"}
{"level":"warn","message":"Create user aborted: Username already in use","timestamp":"2023-05-10T07:29:01.957Z"}
{"level":"warn","message":"Create user aborted: Username already in use","timestamp":"2023-05-10T07:30:25.281Z"}
{"level":"warn","message":"Create user aborted: Username already in use","timestamp":"2023-05-10T07:30:37.292Z"}
{"level":"warn","message":"Create user aborted: Username already in use","timestamp":"2023-05-10T07:31:31.091Z"}
{"level":"warn","message":"Create user aborted: Username already in use","timestamp":"2023-05-10T07:32:03.645Z"}
{"level":"warn","message":"Create user aborted: Username already in use","timestamp":"2023-05-10T07:33:08.525Z"}
{"level":"warn","message":"Create user aborted: Username already in use","timestamp":"2023-05-10T07:33:32.517Z"}
{"level":"warn","message":"Create user aborted: Username already in use","timestamp":"2023-05-10T07:33:56.934Z"}
{"level":"warn","message":"Create user aborted: Username already in use","timestamp":"2023-05-10T07:34:18.202Z"}
{"level":"warn","message":"Create user aborted: Username already in use","timestamp":"2023-05-10T07:35:53.489Z"}
{"level":"warn","message":"Create user aborted: Username already in use","timestamp":"2023-05-10T07:42:07.684Z"}
{"level":"error","message":"Username doesn't exist","timestamp":"2023-05-10T07:42:07.713Z"}
{"level":"error","message":"Username doesn't exist","timestamp":"2023-05-10T07:42:07.723Z"}
{"level":"warn","message":"Create user aborted: Username already in use","timestamp":"2023-05-10T07:44:10.663Z"}
{"level":"warn","message":"Invalid credentials","timestamp":"2023-05-10T07:44:10.747Z"}
{"level":"warn","message":"Create user aborted: Username already in use","timestamp":"2023-05-10T07:44:31.827Z"}
{"level":"warn","message":"Invalid credentials","timestamp":"2023-05-10T07:44:31.914Z"}
{"level":"warn","message":"Create user aborted: Username already in use","timestamp":"2023-05-10T07:44:57.674Z"}
{"level":"warn","message":"Invalid credentials","timestamp":"2023-05-10T07:44:57.762Z"}
{"level":"warn","message":"Create user aborted: Username already in use","timestamp":"2023-05-10T07:47:28.565Z"}
{"level":"warn","message":"Invalid credentials","timestamp":"2023-05-10T07:47:28.652Z"}
{"level":"warn","message":"Create user aborted: Username already in use","timestamp":"2023-05-10T07:47:54.934Z"}
{"level":"warn","message":"Invalid credentials","timestamp":"2023-05-10T07:47:55.024Z"}
{"level":"warn","message":"Create user aborted: Username already in use","timestamp":"2023-05-10T07:48:37.254Z"}
{"level":"warn","message":"Invalid credentials","timestamp":"2023-05-10T07:48:37.349Z"}
{"level":"warn","message":"Create user aborted: Username already in use","timestamp":"2023-05-10T07:51:36.845Z"}
{"level":"warn","message":"Invalid credentials","timestamp":"2023-05-10T07:51:36.931Z"}
{"level":"error","message":"Unable to fetch profile jwt must be provided","name":"JsonWebTokenError","stack":"JsonWebTokenError: jwt must be provided\n    at Object.<anonymous>.module.exports [as verify] (/home/avi/Desktop/spe/finance-tracker/server/node_modules/jsonwebtoken/verify.js:60:17)\n    at verify (/home/avi/Desktop/spe/finance-tracker/server/controllers/user_actions.js:16:7)\n    at Layer.handle [as handle_request] (/home/avi/Desktop/spe/finance-tracker/server/node_modules/express/lib/router/layer.js:95:5)\n    at next (/home/avi/Desktop/spe/finance-tracker/server/node_modules/express/lib/router/route.js:144:13)\n    at Route.dispatch (/home/avi/Desktop/spe/finance-tracker/server/node_modules/express/lib/router/route.js:114:3)\n    at Layer.handle [as handle_request] (/home/avi/Desktop/spe/finance-tracker/server/node_modules/express/lib/router/layer.js:95:5)\n    at /home/avi/Desktop/spe/finance-tracker/server/node_modules/express/lib/router/index.js:284:15\n    at Function.process_params (/home/avi/Desktop/spe/finance-tracker/server/node_modules/express/lib/router/index.js:346:12)\n    at next (/home/avi/Desktop/spe/finance-tracker/server/node_modules/express/lib/router/index.js:280:10)\n    at cookieParser (/home/avi/Desktop/spe/finance-tracker/server/node_modules/cookie-parser/index.js:57:14)\n    at Layer.handle [as handle_request] (/home/avi/Desktop/spe/finance-tracker/server/node_modules/express/lib/router/layer.js:95:5)\n    at trim_prefix (/home/avi/Desktop/spe/finance-tracker/server/node_modules/express/lib/router/index.js:328:13)\n    at /home/avi/Desktop/spe/finance-tracker/server/node_modules/express/lib/router/index.js:286:9\n    at Function.process_params (/home/avi/Desktop/spe/finance-tracker/server/node_modules/express/lib/router/index.js:346:12)\n    at next (/home/avi/Desktop/spe/finance-tracker/server/node_modules/express/lib/router/index.js:280:10)\n    at jsonParser (/home/avi/Desktop/spe/finance-tracker/server/node_modules/body-parser/lib/types/json.js:110:7)\n    at Layer.handle [as handle_request] (/home/avi/Desktop/spe/finance-tracker/server/node_modules/express/lib/router/layer.js:95:5)\n    at trim_prefix (/home/avi/Desktop/spe/finance-tracker/server/node_modules/express/lib/router/index.js:328:13)\n    at /home/avi/Desktop/spe/finance-tracker/server/node_modules/express/lib/router/index.js:286:9\n    at Function.process_params (/home/avi/Desktop/spe/finance-tracker/server/node_modules/express/lib/router/index.js:346:12)\n    at next (/home/avi/Desktop/spe/finance-tracker/server/node_modules/express/lib/router/index.js:280:10)\n    at cors (/home/avi/Desktop/spe/finance-tracker/server/node_modules/cors/lib/index.js:188:7)\n    at /home/avi/Desktop/spe/finance-tracker/server/node_modules/cors/lib/index.js:224:17\n    at originCallback (/home/avi/Desktop/spe/finance-tracker/server/node_modules/cors/lib/index.js:214:15)\n    at /home/avi/Desktop/spe/finance-tracker/server/node_modules/cors/lib/index.js:219:13\n    at optionsCallback (/home/avi/Desktop/spe/finance-tracker/server/node_modules/cors/lib/index.js:199:9)\n    at corsMiddleware (/home/avi/Desktop/spe/finance-tracker/server/node_modules/cors/lib/index.js:204:7)\n    at Layer.handle [as handle_request] (/home/avi/Desktop/spe/finance-tracker/server/node_modules/express/lib/router/layer.js:95:5)\n    at trim_prefix (/home/avi/Desktop/spe/finance-tracker/server/node_modules/express/lib/router/index.js:328:13)\n    at /home/avi/Desktop/spe/finance-tracker/server/node_modules/express/lib/router/index.js:286:9\n    at Function.process_params (/home/avi/Desktop/spe/finance-tracker/server/node_modules/express/lib/router/index.js:346:12)\n    at next (/home/avi/Desktop/spe/finance-tracker/server/node_modules/express/lib/router/index.js:280:10)\n    at expressInit (/home/avi/Desktop/spe/finance-tracker/server/node_modules/express/lib/middleware/init.js:40:5)\n    at Layer.handle [as handle_request] (/home/avi/Desktop/spe/finance-tracker/server/node_modules/express/lib/router/layer.js:95:5)\n    at trim_prefix (/home/avi/Desktop/spe/finance-tracker/server/node_modules/express/lib/router/index.js:328:13)\n    at /home/avi/Desktop/spe/finance-tracker/server/node_modules/express/lib/router/index.js:286:9\n    at Function.process_params (/home/avi/Desktop/spe/finance-tracker/server/node_modules/express/lib/router/index.js:346:12)\n    at next (/home/avi/Desktop/spe/finance-tracker/server/node_modules/express/lib/router/index.js:280:10)\n    at query (/home/avi/Desktop/spe/finance-tracker/server/node_modules/express/lib/middleware/query.js:45:5)\n    at Layer.handle [as handle_request] (/home/avi/Desktop/spe/finance-tracker/server/node_modules/express/lib/router/layer.js:95:5)\n    at trim_prefix (/home/avi/Desktop/spe/finance-tracker/server/node_modules/express/lib/router/index.js:328:13)\n    at /home/avi/Desktop/spe/finance-tracker/server/node_modules/express/lib/router/index.js:286:9\n    at Function.process_params (/home/avi/Desktop/spe/finance-tracker/server/node_modules/express/lib/router/index.js:346:12)\n    at next (/home/avi/Desktop/spe/finance-tracker/server/node_modules/express/lib/router/index.js:280:10)\n    at Function.handle (/home/avi/Desktop/spe/finance-tracker/server/node_modules/express/lib/router/index.js:175:3)\n    at Function.handle (/home/avi/Desktop/spe/finance-tracker/server/node_modules/express/lib/application.js:181:10)\n    at Server.app (/home/avi/Desktop/spe/finance-tracker/server/node_modules/express/lib/express.js:39:9)\n    at Server.emit (node:events:511:28)\n    at parserOnIncoming (node:_http_server:1109:12)\n    at HTTPParser.parserOnHeadersComplete (node:_http_common:119:17)","timestamp":"2023-05-10T07:51:37.020Z"}
{"level":"warn","message":"Create user aborted: Username already in use","timestamp":"2023-05-10T07:52:50.995Z"}
{"level":"warn","message":"Invalid credentials","timestamp":"2023-05-10T07:52:51.082Z"}
{"level":"warn","message":"Create user aborted: Username already in use","timestamp":"2023-05-10T07:53:20.353Z"}
{"level":"warn","message":"Invalid credentials","timestamp":"2023-05-10T07:53:20.438Z"}
{"level":"warn","message":"Create user aborted: Username already in use","timestamp":"2023-05-10T07:56:18.046Z"}
{"level":"warn","message":"Invalid credentials","timestamp":"2023-05-10T07:56:18.141Z"}
{"level":"warn","message":"Create user aborted: Username already in use","timestamp":"2023-05-10T08:01:14.416Z"}
{"level":"warn","message":"Invalid credentials","timestamp":"2023-05-10T08:01:14.504Z"}
{"level":"warn","message":"Create user aborted: Username already in use","timestamp":"2023-05-10T08:02:01.168Z"}
{"level":"warn","message":"Invalid credentials","timestamp":"2023-05-10T08:02:01.256Z"}
{"level":"error","message":"Unable to fetch profile jwt must be provided","name":"JsonWebTokenError","stack":"JsonWebTokenError: jwt must be provided\n    at Object.<anonymous>.module.exports [as verify] (/home/avi/Desktop/spe/finance-tracker/server/node_modules/jsonwebtoken/verify.js:60:17)\n    at verify (/home/avi/Desktop/spe/finance-tracker/server/controllers/user_actions.js:207:7)\n    at Layer.handle [as handle_request] (/home/avi/Desktop/spe/finance-tracker/server/node_modules/express/lib/router/layer.js:95:5)\n    at next (/home/avi/Desktop/spe/finance-tracker/server/node_modules/express/lib/router/route.js:144:13)\n    at Route.dispatch (/home/avi/Desktop/spe/finance-tracker/server/node_modules/express/lib/router/route.js:114:3)\n    at Layer.handle [as handle_request] (/home/avi/Desktop/spe/finance-tracker/server/node_modules/express/lib/router/layer.js:95:5)\n    at /home/avi/Desktop/spe/finance-tracker/server/node_modules/express/lib/router/index.js:284:15\n    at Function.process_params (/home/avi/Desktop/spe/finance-tracker/server/node_modules/express/lib/router/index.js:346:12)\n    at next (/home/avi/Desktop/spe/finance-tracker/server/node_modules/express/lib/router/index.js:280:10)\n    at cookieParser (/home/avi/Desktop/spe/finance-tracker/server/node_modules/cookie-parser/index.js:57:14)\n    at Layer.handle [as handle_request] (/home/avi/Desktop/spe/finance-tracker/server/node_modules/express/lib/router/layer.js:95:5)\n    at trim_prefix (/home/avi/Desktop/spe/finance-tracker/server/node_modules/express/lib/router/index.js:328:13)\n    at /home/avi/Desktop/spe/finance-tracker/server/node_modules/express/lib/router/index.js:286:9\n    at Function.process_params (/home/avi/Desktop/spe/finance-tracker/server/node_modules/express/lib/router/index.js:346:12)\n    at next (/home/avi/Desktop/spe/finance-tracker/server/node_modules/express/lib/router/index.js:280:10)\n    at jsonParser (/home/avi/Desktop/spe/finance-tracker/server/node_modules/body-parser/lib/types/json.js:110:7)\n    at Layer.handle [as handle_request] (/home/avi/Desktop/spe/finance-tracker/server/node_modules/express/lib/router/layer.js:95:5)\n    at trim_prefix (/home/avi/Desktop/spe/finance-tracker/server/node_modules/express/lib/router/index.js:328:13)\n    at /home/avi/Desktop/spe/finance-tracker/server/node_modules/express/lib/router/index.js:286:9\n    at Function.process_params (/home/avi/Desktop/spe/finance-tracker/server/node_modules/express/lib/router/index.js:346:12)\n    at next (/home/avi/Desktop/spe/finance-tracker/server/node_modules/express/lib/router/index.js:280:10)\n    at cors (/home/avi/Desktop/spe/finance-tracker/server/node_modules/cors/lib/index.js:188:7)\n    at /home/avi/Desktop/spe/finance-tracker/server/node_modules/cors/lib/index.js:224:17\n    at originCallback (/home/avi/Desktop/spe/finance-tracker/server/node_modules/cors/lib/index.js:214:15)\n    at /home/avi/Desktop/spe/finance-tracker/server/node_modules/cors/lib/index.js:219:13\n    at optionsCallback (/home/avi/Desktop/spe/finance-tracker/server/node_modules/cors/lib/index.js:199:9)\n    at corsMiddleware (/home/avi/Desktop/spe/finance-tracker/server/node_modules/cors/lib/index.js:204:7)\n    at Layer.handle [as handle_request] (/home/avi/Desktop/spe/finance-tracker/server/node_modules/express/lib/router/layer.js:95:5)\n    at trim_prefix (/home/avi/Desktop/spe/finance-tracker/server/node_modules/express/lib/router/index.js:328:13)\n    at /home/avi/Desktop/spe/finance-tracker/server/node_modules/express/lib/router/index.js:286:9\n    at Function.process_params (/home/avi/Desktop/spe/finance-tracker/server/node_modules/express/lib/router/index.js:346:12)\n    at next (/home/avi/Desktop/spe/finance-tracker/server/node_modules/express/lib/router/index.js:280:10)\n    at expressInit (/home/avi/Desktop/spe/finance-tracker/server/node_modules/express/lib/middleware/init.js:40:5)\n    at Layer.handle [as handle_request] (/home/avi/Desktop/spe/finance-tracker/server/node_modules/express/lib/router/layer.js:95:5)\n    at trim_prefix (/home/avi/Desktop/spe/finance-tracker/server/node_modules/express/lib/router/index.js:328:13)\n    at /home/avi/Desktop/spe/finance-tracker/server/node_modules/express/lib/router/index.js:286:9\n    at Function.process_params (/home/avi/Desktop/spe/finance-tracker/server/node_modules/express/lib/router/index.js:346:12)\n    at next (/home/avi/Desktop/spe/finance-tracker/server/node_modules/express/lib/router/index.js:280:10)\n    at query (/home/avi/Desktop/spe/finance-tracker/server/node_modules/express/lib/middleware/query.js:45:5)\n    at Layer.handle [as handle_request] (/home/avi/Desktop/spe/finance-tracker/server/node_modules/express/lib/router/layer.js:95:5)\n    at trim_prefix (/home/avi/Desktop/spe/finance-tracker/server/node_modules/express/lib/router/index.js:328:13)\n    at /home/avi/Desktop/spe/finance-tracker/server/node_modules/express/lib/router/index.js:286:9\n    at Function.process_params (/home/avi/Desktop/spe/finance-tracker/server/node_modules/express/lib/router/index.js:346:12)\n    at next (/home/avi/Desktop/spe/finance-tracker/server/node_modules/express/lib/router/index.js:280:10)\n    at Function.handle (/home/avi/Desktop/spe/finance-tracker/server/node_modules/express/lib/router/index.js:175:3)\n    at Function.handle (/home/avi/Desktop/spe/finance-tracker/server/node_modules/express/lib/application.js:181:10)\n    at Server.app (/home/avi/Desktop/spe/finance-tracker/server/node_modules/express/lib/express.js:39:9)\n    at Server.emit (node:events:511:28)\n    at parserOnIncoming (node:_http_server:1109:12)\n    at HTTPParser.parserOnHeadersComplete (node:_http_common:119:17)","timestamp":"2023-05-10T08:02:01.420Z"}
{"level":"warn","message":"Create user aborted: Username already in use","timestamp":"2023-05-10T08:02:36.700Z"}
{"level":"warn","message":"Invalid credentials","timestamp":"2023-05-10T08:02:36.787Z"}
{"level":"warn","message":"Create user aborted: Username already in use","timestamp":"2023-05-10T08:05:34.696Z"}
{"level":"warn","message":"Invalid credentials","timestamp":"2023-05-10T08:05:34.788Z"}
{"level":"warn","message":"Create user aborted: Username already in use","timestamp":"2023-05-10T08:06:31.890Z"}
{"level":"warn","message":"Invalid credentials","timestamp":"2023-05-10T08:06:31.979Z"}
{"level":"warn","message":"Create user aborted: Username already in use","timestamp":"2023-05-10T08:08:35.696Z"}
{"level":"warn","message":"Invalid credentials","timestamp":"2023-05-10T08:08:35.782Z"}
{"level":"error","message":"Lend failed:","timestamp":"2023-05-10T08:08:36.119Z"}
{"level":"error","message":"Lend failed:","timestamp":"2023-05-10T08:08:36.122Z"}
{"level":"warn","message":"Create user aborted: Username already in use","timestamp":"2023-05-10T08:11:03.195Z"}
{"level":"warn","message":"Invalid credentials","timestamp":"2023-05-10T08:11:03.280Z"}
{"level":"error","message":"Add expense failed:","timestamp":"2023-05-10T08:11:03.410Z"}
{"level":"error","message":"Lend failed:","timestamp":"2023-05-10T08:11:03.472Z"}
{"level":"error","message":"Lend failed:","timestamp":"2023-05-10T08:11:03.618Z"}
{"level":"error","message":"Username doesn't exist","timestamp":"2023-05-10T08:22:23.144Z"}
{"level":"error","message":"Username doesn't exist","timestamp":"2023-05-10T08:24:19.330Z"}
